<?xml version="1.0" encoding="UTF-8"?>
<!-- Generated by org.testng.reporters.JUnitReportReporter -->
<testsuite hostname="LAPTOP-SAM13KMV" failures="0" tests="1" name="execute.ExecuteDriver" time="7.024" errors="0" timestamp="2020-12-29T22:40:23 CST" skipped="0">
  <testcase classname="execute.ExecuteDriver" name="VerifyGoogleSearch" time="7.024"/>
  <system-out/>
</testsuite> <!-- execute.ExecuteDriver -->
