<?xml version="1.0" encoding="UTF-8"?>
<!-- Generated by org.testng.reporters.JUnitReportReporter -->
<testsuite hostname="LAPTOP-OK4VM9OQ" failures="0" tests="2" name="testsuites.SmokeTestSuite" time="6.384" errors="0" timestamp="2021-02-14T11:58:57 CST" skipped="0">
  <testcase classname="testsuites.SmokeTestSuite" name="VerifyUserLogin" time="5.473"/>
  <system-out/>
  <testcase classname="testsuites.SmokeTestSuite" name="VerifyUserLogout" time="0.911"/>
  <system-out/>
</testsuite> <!-- testsuites.SmokeTestSuite -->
