<?xml version="1.0" encoding="UTF-8"?>
<!-- Generated by org.testng.reporters.JUnitReportReporter -->
<testsuite hostname="LAPTOP-SAM13KMV" failures="0" tests="2" name="execute.DemoWebShop" time="5.461" errors="0" timestamp="2021-01-10T12:28:12 CST" skipped="0">
  <testcase classname="execute.DemoWebShop" name="VerifyUserLogin" time="5.060"/>
  <system-out/>
  <testcase classname="execute.DemoWebShop" name="VerifyUserLogout" time="0.401"/>
  <system-out/>
</testsuite> <!-- execute.DemoWebShop -->
